<?xml version="1.0" encoding="UTF-8"?>
<!-- Generated by org.testng.reporters.JUnitXMLReporter -->
<testsuite ignored="1" hostname="Mac.lan" failures="0" tests="1" name="Surefire test" time="0.95" errors="0" timestamp="2026-07-11T03:22:21 IST">
  <testcase classname="project.FakeStore.testFile.FakeStoreTest" name="loginUsingPojoToken" time="0.116"/>
  <testcase classname="project.FakeStore.testFile.FakeStoreTest" name="loginUsingAccessToken" time="0.0">
    <ignored/>
  </testcase> <!-- loginUsingAccessToken -->
</testsuite> <!-- Surefire test -->
