-------------------------------------------------------------------------------
Test set: project.Ecommerce.test.Register.Register
-------------------------------------------------------------------------------
Tests run: 2, Failures: 1, Errors: 0, Skipped: 0, Time elapsed: 0.869 s <<< FAILURE! - in project.Ecommerce.test.Register.Register
validRegister(project.Ecommerce.test.Register.Register)  Time elapsed: 0.12 s  <<< FAILURE!
java.lang.AssertionError: 
1 expectation failed.
Expected status code <200> but was <400>.

	at project.Ecommerce.test.Register.Register.validRegister(Register.java:52)

