<?xml version="1.0" encoding="UTF-8"?>
<testng-results ignored="0" total="1" passed="1" failed="0" skipped="0">
  <reporter-output>
  </reporter-output>
  <suite started-at="2026-07-16T23:17:32 IST" name="Surefire suite" finished-at="2026-07-16T23:17:33 IST" duration-ms="1714">
    <groups>
    </groups>
    <test started-at="2026-07-16T23:17:32 IST" name="Surefire test" finished-at="2026-07-16T23:17:33 IST" duration-ms="1714">
      <class name="project.Ecommerce.test.Login.LoginTest">
        <test-method signature="postLoginValid(java.lang.String,java.lang.String)[pri:0, instance:project.Ecommerce.test.Login.LoginTest@525b461a]" started-at="2026-07-16T23:17:32 IST" name="postLoginValid" description="TC01 Validate Login with correct userid and password" data-provider="validLoginData" finished-at="2026-07-16T23:17:33 IST" duration-ms="1704" status="PASS">
          <params>
            <param index="0">
              <value>
                <![CDATA[GundiyaBhau_Jabba1@gmail.com]]>
              </value>
            </param>
            <param index="1">
              <value>
                <![CDATA[Gunidya@123]]>
              </value>
            </param>
          </params>
          <reporter-output>
          </reporter-output>
        </test-method> <!-- postLoginValid -->
      </class> <!-- project.Ecommerce.test.Login.LoginTest -->
    </test> <!-- Surefire test -->
  </suite> <!-- Surefire suite -->
</testng-results>
