<?xml version="1.0" encoding="UTF-8"?>
<!-- Generated by org.testng.reporters.JUnitReportReporter -->
<testsuite hostname="Mac.lan" failures="0" tests="2" name="project.FakeStore.testFile.FakeStore.FakeStoreTest" time="0.748" errors="0" timestamp="2026-07-16T03:22:03 IST" skipped="1">
  <testcase classname="project.FakeStore.testFile.FakeStore.FakeStoreTest" name="loginUsingPojoToken" time="0.748"/>
  <testcase classname="project.FakeStore.testFile.FakeStore.FakeStoreTest" name="loginUsingAccessToken">
    <skipped/>
  </testcase> <!-- loginUsingAccessToken -->
</testsuite> <!-- project.FakeStore.testFile.FakeStore.FakeStoreTest -->
