<?xml version="1.0" encoding="UTF-8"?>
<!-- Generated by org.testng.reporters.JUnitReportReporter -->
<testsuite hostname="Mac.lan" failures="0" tests="2" name="project.FakeStore.testFile.FakeStoreTest" time="0.121" errors="0" timestamp="2026-07-11T03:40:40 IST" skipped="1">
  <testcase classname="project.FakeStore.testFile.FakeStoreTest" name="loginUsingPojoToken" time="0.121"/>
  <testcase classname="project.FakeStore.testFile.FakeStoreTest" name="loginUsingAccessToken">
    <skipped/>
  </testcase> <!-- loginUsingAccessToken -->
</testsuite> <!-- project.FakeStore.testFile.FakeStoreTest -->
